<?xml version="1.0" encoding="UTF-8"?>
<testsuite xmlns:xsi="http://www.w3.org/2001/XMLSchema-instance" xsi:noNamespaceSchemaLocation="https://maven.apache.org/surefire/maven-surefire-plugin/xsd/surefire-test-report.xsd" version="3.0.2" name="com.caixa.FluxoDeCaixa.FluxoDeCaixaApplicationTests" time="9.089" tests="1" errors="0" skipped="0" failures="0">
  <properties>
[...]
</properties>
  <testcase name="contextLoads" classname="com.caixa.FluxoDeCaixa.FluxoDeCaixaApplicationTests" time="1.142">
    <system-out><![CDATA[18:56:16.730 [main] INFO org.springframework.test.context.support.AnnotationConfigContextLoaderUtils -- Could not detect default configuration classes for test class [com.caixa.FluxoDeCaixa.FluxoDeCaixaApplicationTests]: FluxoDeCaixaApplicationTests does not declare any static, non-private, non-final, nested classes annotated with @Configuration.
18:56:16.916 [main] INFO org.springframework.boot.test.context.SpringBootTestContextBootstrapper -- Found @SpringBootConfiguration com.caixa.FluxoDeCaixa.FluxoDeCaixaApplication for test class com.caixa.FluxoDeCaixa.FluxoDeCaixaApplicationTests

  .   ____          _            __ _ _
 /\\ / ___'_ __ _ _(_)_ __  __ _ \ \ \ \
( ( )\___ | '_ | '_| | '_ \/ _` | \ \ \ \
 \\/  ___)| |_)| | | | | || (_| |  ) ) ) )
  '  |____| .__|_| |_|_| |_\__, | / / / /
 =========|_|==============|___/=/_/_/_/

 :: Spring Boot ::                (v3.4.2)

2025-02-09T18:56:18.107-03:00  INFO 14180 --- [FluxoDeCaixa] [           main] c.c.F.FluxoDeCaixaApplicationTests       : Starting FluxoDeCaixaApplicationTests using Java 17.0.10 with PID 14180 (started by geverson in D:\projetos\FluxoDeCaixa)
2025-02-09T18:56:18.110-03:00  INFO 14180 --- [FluxoDeCaixa] [           main] c.c.F.FluxoDeCaixaApplicationTests       : No active profile set, falling back to 1 default profile: "default"
2025-02-09T18:56:19.523-03:00  INFO 14180 --- [FluxoDeCaixa] [           main] .s.d.r.c.RepositoryConfigurationDelegate : Bootstrapping Spring Data JPA repositories in DEFAULT mode.
2025-02-09T18:56:19.571-03:00  INFO 14180 --- [FluxoDeCaixa] [           main] .s.d.r.c.RepositoryConfigurationDelegate : Finished Spring Data repository scanning in 23 ms. Found 0 JPA repository interfaces.
2025-02-09T18:56:20.534-03:00  INFO 14180 --- [FluxoDeCaixa] [           main] com.zaxxer.hikari.HikariDataSource       : HikariPool-1 - Starting...
2025-02-09T18:56:21.173-03:00  INFO 14180 --- [FluxoDeCaixa] [           main] com.zaxxer.hikari.pool.HikariPool        : HikariPool-1 - Added connection ConnectionID:1 ClientConnectionId: 5dcd7a72-a5e4-4fcf-85aa-4d4c1411070d
2025-02-09T18:56:21.183-03:00  INFO 14180 --- [FluxoDeCaixa] [           main] com.zaxxer.hikari.HikariDataSource       : HikariPool-1 - Start completed.
2025-02-09T18:56:21.317-03:00  INFO 14180 --- [FluxoDeCaixa] [           main] o.hibernate.jpa.internal.util.LogHelper  : HHH000204: Processing PersistenceUnitInfo [name: default]
2025-02-09T18:56:21.497-03:00  INFO 14180 --- [FluxoDeCaixa] [           main] org.hibernate.Version                    : HHH000412: Hibernate ORM core version 6.6.5.Final
2025-02-09T18:56:21.615-03:00  INFO 14180 --- [FluxoDeCaixa] [           main] o.h.c.internal.RegionFactoryInitiator    : HHH000026: Second-level cache disabled
2025-02-09T18:56:22.279-03:00  INFO 14180 --- [FluxoDeCaixa] [           main] o.s.o.j.p.SpringPersistenceUnitInfo      : No LoadTimeWeaver setup: ignoring JPA class transformer
2025-02-09T18:56:22.385-03:00  WARN 14180 --- [FluxoDeCaixa] [           main] org.hibernate.orm.deprecation            : HHH90000025: SQLServer2012Dialect does not need to be specified explicitly using 'hibernate.dialect' (remove the property setting and it will be selected by default)
2025-02-09T18:56:22.386-03:00  WARN 14180 --- [FluxoDeCaixa] [           main] org.hibernate.orm.deprecation            : HHH90000026: SQLServer2012Dialect has been deprecated; use org.hibernate.dialect.SQLServerDialect instead
2025-02-09T18:56:22.438-03:00  INFO 14180 --- [FluxoDeCaixa] [           main] org.hibernate.orm.connections.pooling    : HHH10001005: Database info:
	Database JDBC URL [Connecting through datasource 'HikariDataSource (HikariPool-1)']
	Database driver: undefined/unknown
	Database version: 11.0
	Autocommit mode: undefined/unknown
	Isolation level: undefined/unknown
	Minimum pool size: undefined/unknown
	Maximum pool size: undefined/unknown
2025-02-09T18:56:23.113-03:00  INFO 14180 --- [FluxoDeCaixa] [           main] o.h.e.t.j.p.i.JtaPlatformInitiator       : HHH000489: No JTA platform available (set 'hibernate.transaction.jta.platform' to enable JTA platform integration)
2025-02-09T18:56:23.123-03:00  INFO 14180 --- [FluxoDeCaixa] [           main] j.LocalContainerEntityManagerFactoryBean : Initialized JPA EntityManagerFactory for persistence unit 'default'
2025-02-09T18:56:23.419-03:00  WARN 14180 --- [FluxoDeCaixa] [           main] JpaBaseConfiguration$JpaWebConfiguration : spring.jpa.open-in-view is enabled by default. Therefore, database queries may be performed during view rendering. Explicitly configure spring.jpa.open-in-view to disable this warning
2025-02-09T18:56:24.081-03:00  WARN 14180 --- [FluxoDeCaixa] [           main] ion$DefaultTemplateResolverConfiguration : Cannot find template location: classpath:/templates/ (please add some templates, check your Thymeleaf configuration, or set spring.thymeleaf.check-template-location=false)
2025-02-09T18:56:24.373-03:00  INFO 14180 --- [FluxoDeCaixa] [           main] c.c.F.FluxoDeCaixaApplicationTests       : Started FluxoDeCaixaApplicationTests in 6.975 seconds (process running for 8.806)
]]></system-out>
  </testcase>
</testsuite>